make --dry-run --always-make --keep-going --print-directory
make: Entering directory '/mnt/d/papawa_src/documents/_main/dev/42/42_fdf'
mkdir -p obj
gcc -Wall -Wextra -Werror -o obj/main.o -c src/main.c -I./inc -I./libs/libftmlx/inc -I./libs/libft/inc -I./libs/mlx -I/usr/lib
mkdir -p obj
gcc -Wall -Wextra -Werror -o obj/draw.o -c src/draw.c -I./inc -I./libs/libftmlx/inc -I./libs/libft/inc -I./libs/mlx -I/usr/lib
mkdir -p obj
gcc -Wall -Wextra -Werror -o obj/controls.o -c src/controls.c -I./inc -I./libs/libftmlx/inc -I./libs/libft/inc -I./libs/mlx -I/usr/lib
mkdir -p obj
gcc -Wall -Wextra -Werror -o obj/shader_map_wire.o -c src/shader_map_wire.c -I./inc -I./libs/libftmlx/inc -I./libs/libft/inc -I./libs/mlx -I/usr/lib
mkdir -p obj
gcc -Wall -Wextra -Werror -o obj/shader_map_mesh.o -c src/shader_map_mesh.c -I./inc -I./libs/libftmlx/inc -I./libs/libft/inc -I./libs/mlx -I/usr/lib
mkdir -p obj
gcc -Wall -Wextra -Werror -o obj/parser.o -c src/parser.c -I./inc -I./libs/libftmlx/inc -I./libs/libft/inc -I./libs/mlx -I/usr/lib
mkdir -p obj/libs/get_next_line
gcc -Wall -Wextra -Werror -o obj/libs/get_next_line/get_next_line_utils.o -c src/libs/get_next_line/get_next_line_utils.c -I./inc -I./libs/libftmlx/inc -I./libs/libft/inc -I./libs/mlx -I/usr/lib
mkdir -p obj/libs/get_next_line
gcc -Wall -Wextra -Werror -o obj/libs/get_next_line/get_next_line.o -c src/libs/get_next_line/get_next_line.c -I./inc -I./libs/libftmlx/inc -I./libs/libft/inc -I./libs/mlx -I/usr/lib
make -C libs/libftmlx
make -C libs/libft
make -C libs/mlx
gcc -Wall -Wextra -Werror -framework OpenGL -framework AppKit -o fdf.out ./obj/main.o ./obj/draw.o ./obj/controls.o ./obj/shader_map_wire.o ./obj/shader_map_mesh.o ./obj/parser.o ./obj/libs/get_next_line/get_next_line_utils.o ./obj/libs/get_next_line/get_next_line.o -I./inc -I./libs/libftmlx/inc -I./libs/libft/inc -I./libs/mlx -I/usr/lib ./libs/libftmlx/libftmlx.a ./libs/libft/libft.a ./libs/mlx/libmlx.a
make: Leaving directory '/mnt/d/papawa_src/documents/_main/dev/42/42_fdf'
 
